<?xml version="1.0" encoding="UTF-8"?>
<!-- Generated by org.testng.reporters.JUnitReportReporter -->
<testsuite hostname="Justin-HP" failures="0" tests="3" name="herokuapp.adoptpuppy.E2eTests" time="18.605" errors="0" timestamp="2023-09-14T16:21:52 BST" skipped="0">
  <testcase classname="herokuapp.adoptpuppy.E2eTests" name="adopt_two_random_dogs_with_the_same_addition_Test" time="6.975"/>
  <system-out/>
  <testcase classname="herokuapp.adoptpuppy.E2eTests" name="adopt_one_dog_Test" time="4.969"/>
  <system-out/>
  <testcase classname="herokuapp.adoptpuppy.E2eTests" name="adopt_two_dogs_and_add_3_items_to_one" time="6.661"/>
  <system-out/>
</testsuite> <!-- herokuapp.adoptpuppy.E2eTests -->
