<?xml version="1.0" encoding="UTF-8"?>
<!-- Generated by org.testng.reporters.JUnitReportReporter -->
<testsuite hostname="Justin-HP" failures="0" tests="2" name="herokuapp.adoptpuppy.NavigationTests" time="6.626" errors="0" timestamp="2023-09-14T16:21:52 BST" skipped="0">
  <testcase classname="herokuapp.adoptpuppy.NavigationTests" name="previous_btn_test" time="3.758"/>
  <system-out/>
  <testcase classname="herokuapp.adoptpuppy.NavigationTests" name="previous_btn_first_page_test" time="2.868"/>
  <system-out/>
</testsuite> <!-- herokuapp.adoptpuppy.NavigationTests -->
