<?xml version="1.0" encoding="UTF-8"?>
<!-- Generated by org.testng.reporters.JUnitReportReporter -->
<testsuite hostname="Justin-HP" failures="0" tests="4" name="herokuapp.adoptpuppy.PaymentTests" time="31.328" errors="0" timestamp="2023-09-14T16:21:52 BST" skipped="0">
  <testcase classname="herokuapp.adoptpuppy.PaymentTests" name="order_form_single_filed_empty_negative_Test" time="5.105"/>
  <system-out/>
  <testcase classname="herokuapp.adoptpuppy.PaymentTests" name="order_form_single_filed_empty_negative_Test" time="5.154"/>
  <system-out/>
  <testcase classname="herokuapp.adoptpuppy.PaymentTests" name="order_form_single_filed_empty_negative_Test" time="8.534"/>
  <system-out/>
  <testcase classname="herokuapp.adoptpuppy.PaymentTests" name="order_form_positive_Test" time="12.535"/>
  <system-out/>
</testsuite> <!-- herokuapp.adoptpuppy.PaymentTests -->
