<?xml version="1.0" encoding="UTF-8"?>
<!-- Generated by org.testng.reporters.JUnitReportReporter -->
<testsuite hostname="Justin-HP" failures="0" tests="3" name="herokuapp.adoptpuppy.CartTests" time="11.734" errors="0" timestamp="2023-09-14T16:21:52 BST" skipped="0">
  <testcase classname="herokuapp.adoptpuppy.CartTests" name="complete_the_adoption_btn_test" time="3.892"/>
  <system-out/>
  <testcase classname="herokuapp.adoptpuppy.CartTests" name="adopt_another_puppy_btn_test" time="3.825"/>
  <system-out/>
  <testcase classname="herokuapp.adoptpuppy.CartTests" name="change_mind_btn_test" time="4.017"/>
  <system-out/>
</testsuite> <!-- herokuapp.adoptpuppy.CartTests -->
